<?xml version="1.0" encoding="UTF-8"?>
<!-- Generated by org.testng.reporters.JUnitReportReporter -->
<testsuite hostname="DESKTOP-QHOC536" failures="0" tests="4" name="testcases.E2ETest" time="24.179" errors="0" timestamp="2020-11-26T17:13:33 IST" skipped="0">
  <testcase classname="testcases.E2ETest" name="PrintAllLanguagesApp" time="2.505"/>
  <system-out/>
  <testcase classname="testcases.E2ETest" name="DeutschApp" time="7.884"/>
  <system-out/>
  <testcase classname="testcases.E2ETest" name="SuomiApp" time="8.320"/>
  <system-out/>
  <testcase classname="testcases.E2ETest" name="EnglishApp" time="5.470"/>
  <system-out/>
</testsuite> <!-- testcases.E2ETest -->
