<?xml version="1.0" encoding="UTF-8"?>
<!-- Generated by org.testng.reporters.JUnitReportReporter -->
<testsuite hostname="DESKTOP-QHOC536" failures="0" tests="4" name="testcases.AllLangsTest" time="38.309" errors="0" timestamp="2020-11-28T22:03:27 IST" skipped="0">
  <testcase classname="testcases.AllLangsTest" name="PrintAllLanguagesApp" time="3.044"/>
  <system-out/>
  <testcase classname="testcases.AllLangsTest" name="DeutschApp" time="11.923"/>
  <system-out/>
  <testcase classname="testcases.AllLangsTest" name="SuomiApp" time="13.971"/>
  <system-out/>
  <testcase classname="testcases.AllLangsTest" name="EnglishApp" time="9.371"/>
  <system-out/>
</testsuite> <!-- testcases.AllLangsTest -->
